Unity Editor version:    2021.3.18f1 (3129e69bc0c7)
Branch:                  2021.3/staging
Build type:              Release
Batch mode:              YES
macOS version:           Version 13.2 (Build 22D49)
Darwin version:          22.3.0
Architecture:            arm64
Running under Rosetta:   NO
Available memory:        16384 MB
Using pre-set license
Pro License: YES

COMMAND LINE ARGUMENTS:
/Applications/Unity/Hub/Editor/2021.3.18f1/Unity.app/Contents/MacOS/Unity
-adb2
-batchMode
-noUpm
-name
AssetImportWorker54
-projectPath
/Users/ahmed/Desktop/Hochschule/AGD/on-the-run
-logFile
Logs/AssetImportWorker54.log
-srvPort
51627
Successfully changed project path to: /Users/ahmed/Desktop/Hochschule/AGD/on-the-run
/Users/ahmed/Desktop/Hochschule/AGD/on-the-run
[UnityMemory] Configuration Parameters - Can be set up in boot.config
    "memorysetup-bucket-allocator-granularity=16"
    "memorysetup-bucket-allocator-bucket-count=8"
    "memorysetup-bucket-allocator-block-size=33554432"
    "memorysetup-bucket-allocator-block-count=8"
    "memorysetup-main-allocator-block-size=16777216"
    "memorysetup-thread-allocator-block-size=16777216"
    "memorysetup-gfx-main-allocator-block-size=16777216"
    "memorysetup-gfx-thread-allocator-block-size=16777216"
    "memorysetup-cache-allocator-block-size=4194304"
    "memorysetup-typetree-allocator-block-size=2097152"
    "memorysetup-profiler-bucket-allocator-granularity=16"
    "memorysetup-profiler-bucket-allocator-bucket-count=8"
    "memorysetup-profiler-bucket-allocator-block-size=33554432"
    "memorysetup-profiler-bucket-allocator-block-count=8"
    "memorysetup-profiler-allocator-block-size=16777216"
    "memorysetup-profiler-editor-allocator-block-size=1048576"
    "memorysetup-temp-allocator-size-main=16777216"
    "memorysetup-job-temp-allocator-block-size=2097152"
    "memorysetup-job-temp-allocator-block-size-background=1048576"
    "memorysetup-job-temp-allocator-reduction-small-platforms=262144"
    "memorysetup-temp-allocator-size-background-worker=32768"
    "memorysetup-temp-allocator-size-job-worker=262144"
    "memorysetup-temp-allocator-size-preload-manager=33554432"
    "memorysetup-temp-allocator-size-nav-mesh-worker=65536"
    "memorysetup-temp-allocator-size-audio-worker=65536"
    "memorysetup-temp-allocator-size-cloud-worker=32768"
    "memorysetup-temp-allocator-size-gi-baking-worker=262144"
    "memorysetup-temp-allocator-size-gfx=262144"
Player connection [8335868160] Host "[IP] 172.21.142.201 [Port] 0 [Flags] 2 [Guid] 3175990958 [EditorId] 3175990958 [Version] 1048832 [Id] OSXEditor(0,MacBook-Pro-von-Ahmed.local) [Debug] 1 [PackageName] OSXEditor [ProjectName] Editor" joined multi-casting on [225.0.0.222:54997]...

Player connection [8335868160] Host "[IP] 172.21.142.201 [Port] 0 [Flags] 2 [Guid] 3175990958 [EditorId] 3175990958 [Version] 1048832 [Id] OSXEditor(0,MacBook-Pro-von-Ahmed.local) [Debug] 1 [PackageName] OSXEditor [ProjectName] Editor" joined alternative multi-casting on [225.0.0.222:34997]...

Refreshing native plugins compatible for Editor in 64.72 ms, found 2 plugins.
Preloading 0 native plugins for Editor in 0.00 ms.
Initialize engine version: 2021.3.18f1 (3129e69bc0c7)
[Subsystems] Discovering subsystems at path /Applications/Unity/Hub/Editor/2021.3.18f1/Unity.app/Contents/Resources/UnitySubsystems
[Subsystems] Discovering subsystems at path /Users/ahmed/Desktop/Hochschule/AGD/on-the-run/Assets
GfxDevice: creating device client; threaded=0; jobified=0
 preferred device: Apple M1 Pro (high power)
Metal devices available: 1
0: Apple M1 Pro (high power)
Using device Apple M1 Pro (high power)
Initializing Metal device caps: Apple M1 Pro
Initialize mono
Mono path[0] = '/Applications/Unity/Hub/Editor/2021.3.18f1/Unity.app/Contents/Managed'
Mono path[1] = '/Applications/Unity/Hub/Editor/2021.3.18f1/Unity.app/Contents/MonoBleedingEdge/lib/mono/unityjit-macos'
Mono config path = '/Applications/Unity/Hub/Editor/2021.3.18f1/Unity.app/Contents/MonoBleedingEdge/etc'
Using monoOptions --debugger-agent=transport=dt_socket,embedding=1,server=y,suspend=n,address=127.0.0.1:56526
Begin MonoManager ReloadAssembly
Registering precompiled unity dll's ...
Register platform support module: /Applications/Unity/Hub/Editor/2021.3.18f1/Unity.app/Contents/PlaybackEngines/MacStandaloneSupport/UnityEditor.OSXStandalone.Extensions.dll
Register platform support module: /Applications/Unity/Hub/Editor/2021.3.18f1/PlaybackEngines/AndroidPlayer/UnityEditor.Android.Extensions.dll
Registered in 0.000571 seconds.
Native extension for Android target not found
Android Extension - Scanning For ADB Devices 72 ms
Native extension for OSXStandalone target not found
Refreshing native plugins compatible for Editor in 65.41 ms, found 2 plugins.
Preloading 0 native plugins for Editor in 0.00 ms.
Mono: successfully reloaded assembly
- Completed reload, in  0.470 seconds
Domain Reload Profiling:
	ReloadAssembly (471ms)
		BeginReloadAssembly (30ms)
			ExecutionOrderSort (0ms)
			DisableScriptedObjects (0ms)
			BackupInstance (0ms)
			ReleaseScriptingObjects (0ms)
			CreateAndSetChildDomain (0ms)
		EndReloadAssembly (376ms)
			LoadAssemblies (30ms)
			RebuildTransferFunctionScriptingTraits (0ms)
			SetupTypeCache (69ms)
			ReleaseScriptCaches (0ms)
			RebuildScriptCaches (18ms)
			SetupLoadedEditorAssemblies (262ms)
				LogAssemblyErrors (0ms)
				InitializePlatformSupportModulesInManaged (123ms)
				SetLoadedEditorAssemblies (0ms)
				RefreshPlugins (65ms)
				BeforeProcessingInitializeOnLoad (1ms)
				ProcessInitializeOnLoadAttributes (49ms)
				ProcessInitializeOnLoadMethodAttributes (24ms)
				AfterProcessingInitializeOnLoad (0ms)
				EditorAssembliesLoaded (0ms)
			ExecutionOrderSort2 (0ms)
			AwakeInstancesAfterBackupRestoration (0ms)
Platform modules already initialized, skipping
Registering precompiled user dll's ...
Registered in 0.001332 seconds.
Begin MonoManager ReloadAssembly
Symbol file LoadedFromMemory doesn't match image /Users/ahmed/Desktop/Hochschule/AGD/on-the-run/Library/PackageCache/com.unity.visualscripting@1.8.0/Editor/VisualScripting.Core/Dependencies/YamlDotNet/Unity.VisualScripting.YamlDotNet.dll
Symbol file LoadedFromMemory doesn't match image /Users/ahmed/Desktop/Hochschule/AGD/on-the-run/Library/PackageCache/com.unity.visualscripting@1.8.0/Editor/VisualScripting.Core/Dependencies/DotNetZip/Unity.VisualScripting.IonicZip.dll
Native extension for Android target not found
Native extension for OSXStandalone target not found
Refreshing native plugins compatible for Editor in 0.42 ms, found 2 plugins.
Preloading 0 native plugins for Editor in 0.00 ms.
Mono: successfully reloaded assembly
- Completed reload, in  0.568 seconds
Domain Reload Profiling:
	ReloadAssembly (568ms)
		BeginReloadAssembly (59ms)
			ExecutionOrderSort (0ms)
			DisableScriptedObjects (3ms)
			BackupInstance (0ms)
			ReleaseScriptingObjects (0ms)
			CreateAndSetChildDomain (17ms)
		EndReloadAssembly (443ms)
			LoadAssemblies (34ms)
			RebuildTransferFunctionScriptingTraits (0ms)
			SetupTypeCache (161ms)
			ReleaseScriptCaches (0ms)
			RebuildScriptCaches (32ms)
			SetupLoadedEditorAssemblies (178ms)
				LogAssemblyErrors (0ms)
				InitializePlatformSupportModulesInManaged (9ms)
				SetLoadedEditorAssemblies (0ms)
				RefreshPlugins (0ms)
				BeforeProcessingInitializeOnLoad (50ms)
				ProcessInitializeOnLoadAttributes (108ms)
				ProcessInitializeOnLoadMethodAttributes (10ms)
				AfterProcessingInitializeOnLoad (1ms)
				EditorAssembliesLoaded (0ms)
			ExecutionOrderSort2 (0ms)
			AwakeInstancesAfterBackupRestoration (2ms)
Platform modules already initialized, skipping
========================================================================
Worker process is ready to serve import requests
Launching external process: /Applications/Unity/Hub/Editor/2021.3.18f1/Unity.app/Contents/Tools/UnityShaderCompiler
Launched and connected shader compiler UnityShaderCompiler after 0.05 seconds
Refreshing native plugins compatible for Editor in 0.36 ms, found 2 plugins.
Preloading 0 native plugins for Editor in 0.00 ms.
Unloading 3054 Unused Serialized files (Serialized files now loaded: 0)
Unloading 23 unused Assets / (257.5 KB). Loaded Objects now: 3540.
Memory consumption went from 122.4 MB to 122.1 MB.
Total: 2.068791 ms (FindLiveObjects: 0.098375 ms CreateObjectMapping: 0.034334 ms MarkObjects: 1.856666 ms  DeleteObjects: 0.078833 ms)

AssetImportParameters requested are different than current active one (requested -> active):
  custom:video-decoder-ogg-theora: a1e56fd34408186e4bbccfd4996cb3dc -> 
  custom:container-muxer-webm: aa71ff27fc2769a1b78a27578f13a17b -> 
  custom:container-demuxer-webm: 4f35f7cbe854078d1ac9338744f61a02 -> 
  custom:video-encoder-webm-vp8: eb34c28f22e8b96e1ab97ce403110664 -> 
  custom:framework-osx-AVFoundation: e770b220cccbd017edd2c1fefb359320 -> 
  custom:audio-encoder-webm-vorbis: bf7c407c2cedff20999df2af8eb42d56 -> 
  custom:container-demuxer-ogg: 62fdf1f143b41e24485cea50d1cbac27 -> 
  custom:video-decoder-webm-vp8: 9c59270c3fd7afecdb556c50c9e8de78 -> 
  custom:audio-decoder-ogg-vorbis: bf7c407c2cedff20999df2af8eb42d56 -> 
========================================================================
Received Import Request.
  Time since last request: 78774.611574 seconds.
  path: ProjectSettings/TagManager.asset
  artifactKey: Guid(00000000000000003000000000000000) Importer(815301076,1909f56bfc062723c751e8b465ee728b)
Start importing ProjectSettings/TagManager.asset using Guid(00000000000000003000000000000000) Importer(815301076,1909f56bfc062723c751e8b465ee728b)  -> (artifact id: '4dcc1a29619d1a48aeddd49776797264') in 0.069936 seconds 
========================================================================
Received Import Request.
  Time since last request: 22.742047 seconds.
  path: Assets/Low Poly Fruits/Prefabs/avocado.prefab
  artifactKey: Guid(2f2e54b9f3898eb46a0b47f9a4d4c52b) Importer(815301076,1909f56bfc062723c751e8b465ee728b)
Start importing Assets/Low Poly Fruits/Prefabs/avocado.prefab using Guid(2f2e54b9f3898eb46a0b47f9a4d4c52b) Importer(815301076,1909f56bfc062723c751e8b465ee728b)  -> (artifact id: '00000000000000000000000000000000') in 0.099647 seconds  code(4) message(Build asset version error: assets/low poly fruits/prefabs/avocado.prefab in SourceAssetDB has modification time of '2017-08-17T07:45:08Z' while content on disk has modification time of '2023-02-23T11:29:01Z')
  ERROR: Build asset version error: assets/low poly fruits/prefabs/avocado.prefab in SourceAssetDB has modification time of '2017-08-17T07:45:08Z' while content on disk has modification time of '2023-02-23T11:29:01Z'
========================================================================
Received Import Request.
  Time since last request: 0.000405 seconds.
  path: Assets/Low Poly Fruits/Prefabs/peanut.prefab
  artifactKey: Guid(8c8c7d8f829a2d24ebe78eddb5eaff57) Importer(815301076,1909f56bfc062723c751e8b465ee728b)
Start importing Assets/Low Poly Fruits/Prefabs/peanut.prefab using Guid(8c8c7d8f829a2d24ebe78eddb5eaff57) Importer(815301076,1909f56bfc062723c751e8b465ee728b)  -> (artifact id: '00000000000000000000000000000000') in 0.010814 seconds  code(4) message(Build asset version error: assets/low poly fruits/prefabs/peanut.prefab in SourceAssetDB has modification time of '2017-08-17T07:45:14Z' while content on disk has modification time of '2023-02-23T11:29:01Z')
  ERROR: Build asset version error: assets/low poly fruits/prefabs/peanut.prefab in SourceAssetDB has modification time of '2017-08-17T07:45:14Z' while content on disk has modification time of '2023-02-23T11:29:01Z'
========================================================================
Received Import Request.
  Time since last request: 0.000198 seconds.
  path: Assets/Low Poly Fruits/Prefabs/peach.prefab
  artifactKey: Guid(4fe5a7bcbee1651418ea031a87ff53e4) Importer(815301076,1909f56bfc062723c751e8b465ee728b)
Start importing Assets/Low Poly Fruits/Prefabs/peach.prefab using Guid(4fe5a7bcbee1651418ea031a87ff53e4) Importer(815301076,1909f56bfc062723c751e8b465ee728b)  -> (artifact id: '00000000000000000000000000000000') in 0.008925 seconds  code(4) message(Build asset version error: assets/low poly fruits/prefabs/peach.prefab in SourceAssetDB has modification time of '2017-08-17T07:45:12Z' while content on disk has modification time of '2023-02-23T11:29:01Z')
  ERROR: Build asset version error: assets/low poly fruits/prefabs/peach.prefab in SourceAssetDB has modification time of '2017-08-17T07:45:12Z' while content on disk has modification time of '2023-02-23T11:29:01Z'
========================================================================
Received Import Request.
  Time since last request: 0.000121 seconds.
  path: Assets/Low Poly Fruits/Prefabs/strawberry.prefab
  artifactKey: Guid(63e523ab5d9ce7348b431ae1d689a54d) Importer(815301076,1909f56bfc062723c751e8b465ee728b)
Start importing Assets/Low Poly Fruits/Prefabs/strawberry.prefab using Guid(63e523ab5d9ce7348b431ae1d689a54d) Importer(815301076,1909f56bfc062723c751e8b465ee728b)  -> (artifact id: '00000000000000000000000000000000') in 0.005357 seconds  code(4) message(Build asset version error: assets/low poly fruits/prefabs/strawberry.prefab in SourceAssetDB has modification time of '2017-08-17T07:45:13Z' while content on disk has modification time of '2023-02-23T11:29:01Z')
  ERROR: Build asset version error: assets/low poly fruits/prefabs/strawberry.prefab in SourceAssetDB has modification time of '2017-08-17T07:45:13Z' while content on disk has modification time of '2023-02-23T11:29:01Z'
Editor requested this worker to shutdown with reason: Scaling down because of idle timeout
AssetImportWorker is now disconnected from the server
Process exiting
